<?xml version="1.0" encoding="UTF-8"?>
<testsuite xmlns:xsi="http://www.w3.org/2001/XMLSchema-instance" xsi:noNamespaceSchemaLocation="https://maven.apache.org/surefire/maven-surefire-plugin/xsd/surefire-test-report.xsd" name="com.example.heart_field.HeartFieldApplicationTests" time="6.12" tests="10" errors="0" skipped="0" failures="0">
  <properties>
[...]
</properties>
  <testcase name="testEndTime" classname="com.example.heart_field.HeartFieldApplicationTests" time="0.143"/>
  <testcase name="testDuration" classname="com.example.heart_field.HeartFieldApplicationTests" time="1.737"/>
  <testcase name="testJson" classname="com.example.heart_field.HeartFieldApplicationTests" time="0.058"/>
  <testcase name="testTime" classname="com.example.heart_field.HeartFieldApplicationTests" time="0.001"/>
  <testcase name="getCode" classname="com.example.heart_field.HeartFieldApplicationTests" time="0.26"/>
  <testcase name="testRedisGet" classname="com.example.heart_field.HeartFieldApplicationTests" time="0.004"/>
  <testcase name="testRedisSet" classname="com.example.heart_field.HeartFieldApplicationTests" time="0.003"/>
  <testcase name="testHelpNum" classname="com.example.heart_field.HeartFieldApplicationTests" time="0.017"/>
  <testcase name="testTimeConvert" classname="com.example.heart_field.HeartFieldApplicationTests" time="0.002"/>
  <testcase name="contextLoads" classname="com.example.heart_field.HeartFieldApplicationTests" time="0.391"/>
</testsuite>